[listener] ready and listening for input...
[listener] raw line: enc_alert=4ace1b0a4bd21e046dd9c46b338a6d1c5966cff28d9351bc7f232bc7b52c1f7facbdde3fb4c8be4d3861781a4e8abf9887ad10abec3b0a00599d6e229255edb1b7772597b8dc5d0827d338ceb2048931f86ba7b6a920c9a96e658f67782c25a8234922b9b11a8e64908de613682e04b3e94c1bb300b63e2610b33ed23ef5
Raw packet: 4ace1b0a4bd21e046dd9c46b338a6d1c5966cff28d9351bc7f232bc7b52c1f7facbdde3fb4c8be4d3861781a4e8abf9887ad10abec3b0a00599d6e229255edb1b7772597b8dc5d0827d338ceb2048931f86ba7b6a920c9a96e658f67782c25a8234922b9b11a8e64908de613682e04b3e94c1bb300b63e2610b33ed23ef5
Nonce: 4ace1b0a4bd21e046dd9c46b
Ciphertext: 338a6d1c5966cff28d9351bc7f232bc7b52c1f7facbdde3fb4c8be4d3861781a4e8abf9887ad10abec3b0a00599d6e229255edb1b7772597b8dc5d0827d338ceb2048931f86ba7b6a920c9a96e658f67782c25a8234922b9b11a8e64908de613682e04b3e94c1bb300b63e2610b33ed23ef5
[listener] decrypted with 1746860673.bin
🚨 Decrypted alert:
   Timestamp : 2000-01-01 00:00:09-05:00
   Error     : 19807.41
   Key File  : 1746860673.bin
[listener] raw line: enc_alert=129ca43df8be4e28f459adf6a7325439c276e1b43d1719bba007188118c00600f291771e0e224df395d39b8cb079b7dc8957199fc04105ecd6b9015c6221a52fe2e5169b2782eff3ae2780adab6bb075638ba4ec0dbda5272407849e4531400643e540de05a8e02cac517ac7e93797869c6d27964ce9986a03aa1b4a4afb
Raw packet: 129ca43df8be4e28f459adf6a7325439c276e1b43d1719bba007188118c00600f291771e0e224df395d39b8cb079b7dc8957199fc04105ecd6b9015c6221a52fe2e5169b2782eff3ae2780adab6bb075638ba4ec0dbda5272407849e4531400643e540de05a8e02cac517ac7e93797869c6d27964ce9986a03aa1b4a4afb
Nonce: 129ca43df8be4e28f459adf6
Ciphertext: a7325439c276e1b43d1719bba007188118c00600f291771e0e224df395d39b8cb079b7dc8957199fc04105ecd6b9015c6221a52fe2e5169b2782eff3ae2780adab6bb075638ba4ec0dbda5272407849e4531400643e540de05a8e02cac517ac7e93797869c6d27964ce9986a03aa1b4a4afb
[listener] decrypted with 1746860673.bin
🚨 Decrypted alert:
   Timestamp : 2000-01-01 00:00:10-05:00
   Error     : 19810.05
   Key File  : 1746860673.bin
[listener] raw line: enc_alert=9bc5e1f6d80a6906f3ffe74b0938f11a8bee1bbd4e1d80aaf1c5ce79ef11bc250b9695908c64ef43cdb7af8632ca9693df89689ebacf8c3b7f2ffb35c0f72448c777ded6cd3db7b4305ae35e48080f1e00351e4eb5723f9c65c332856469640a196144245718e962fb4a77394b2b63029a3fdc57c34cfd11b6c7638b946d
Raw packet: 9bc5e1f6d80a6906f3ffe74b0938f11a8bee1bbd4e1d80aaf1c5ce79ef11bc250b9695908c64ef43cdb7af8632ca9693df89689ebacf8c3b7f2ffb35c0f72448c777ded6cd3db7b4305ae35e48080f1e00351e4eb5723f9c65c332856469640a196144245718e962fb4a77394b2b63029a3fdc57c34cfd11b6c7638b946d
Nonce: 9bc5e1f6d80a6906f3ffe74b
Ciphertext: 0938f11a8bee1bbd4e1d80aaf1c5ce79ef11bc250b9695908c64ef43cdb7af8632ca9693df89689ebacf8c3b7f2ffb35c0f72448c777ded6cd3db7b4305ae35e48080f1e00351e4eb5723f9c65c332856469640a196144245718e962fb4a77394b2b63029a3fdc57c34cfd11b6c7638b946d
[listener] decrypted with 1746860673.bin
🚨 Decrypted alert:
   Timestamp : 2000-01-01 00:00:11-05:00
   Error     : 19813.36
   Key File  : 1746860673.bin
[listener] raw line: enc_alert=07fe0e80ce63ba420d93021dd97750be9c4ba81dca2107211a8920b9020132b6d384017c8edf0f1412d8468a413a8a2257c3682d71ada41720929389048d0cd3b8908690b49af8c8b04e9c7fbd11260b74be135cd11d6321fad8f6c99d5e382557d9ac84952dee0f65820972f8696e69d3224f47a6bb28f5024098dc
Raw packet: 07fe0e80ce63ba420d93021dd97750be9c4ba81dca2107211a8920b9020132b6d384017c8edf0f1412d8468a413a8a2257c3682d71ada41720929389048d0cd3b8908690b49af8c8b04e9c7fbd11260b74be135cd11d6321fad8f6c99d5e382557d9ac84952dee0f65820972f8696e69d3224f47a6bb28f5024098dc
Nonce: 07fe0e80ce63ba420d93021d
Ciphertext: d97750be9c4ba81dca2107211a8920b9020132b6d384017c8edf0f1412d8468a413a8a2257c3682d71ada41720929389048d0cd3b8908690b49af8c8b04e9c7fbd11260b74be135cd11d6321fad8f6c99d5e382557d9ac84952dee0f65820972f8696e69d3224f47a6bb28f5024098dc
[listener] decrypted with 1746860673.bin
🚨 Decrypted alert:
   Timestamp : 2000-01-01 00:00:12-05:00
   Error     : 19817.35
   Key File  : 1746860673.bin
[listener] raw line: enc_alert=d5031551434258e67407493e1cb08921d7a2bb377a8a48a8da87ae297c154a322253dfbdb1287271f6fcbd0811f2c90d52d7c5f1236f22703647ca65640c678de9072ab002b3352a7e8c43e0cce819069e778fbe2ee71243a194dec1868ee73d1ba028f644cd14c3f6c6c019c56286b3dd7ad60ce01d6f6c17b9eca3bd
Raw packet: d5031551434258e67407493e1cb08921d7a2bb377a8a48a8da87ae297c154a322253dfbdb1287271f6fcbd0811f2c90d52d7c5f1236f22703647ca65640c678de9072ab002b3352a7e8c43e0cce819069e778fbe2ee71243a194dec1868ee73d1ba028f644cd14c3f6c6c019c56286b3dd7ad60ce01d6f6c17b9eca3bd
Nonce: d5031551434258e67407493e
Ciphertext: 1cb08921d7a2bb377a8a48a8da87ae297c154a322253dfbdb1287271f6fcbd0811f2c90d52d7c5f1236f22703647ca65640c678de9072ab002b3352a7e8c43e0cce819069e778fbe2ee71243a194dec1868ee73d1ba028f644cd14c3f6c6c019c56286b3dd7ad60ce01d6f6c17b9eca3bd
[listener] decrypted with 1746860675.bin
🚨 Decrypted alert:
   Timestamp : 2000-01-01 00:00:13-05:00
   Error     : 19822.03
   Key File  : 1746860675.bin
[listener] raw line: enc_alert=62a6372972dd5e88629e1968b8da870caa54c4b81f77ec5e29760378c6220fa1995d89f88121d8e5ffc1d559b1e76b2c3be03e0981df6791d4c3f7ee9fb8986b3ba17ff170e61c30151e40b11ff5a1e5394ab3d7ea8ee2465c1bc4c425925d29fb356231b6fa3a5d4ba86fb6f663a22502d91cf89f74edfedb871831a0
Raw packet: 62a6372972dd5e88629e1968b8da870caa54c4b81f77ec5e29760378c6220fa1995d89f88121d8e5ffc1d559b1e76b2c3be03e0981df6791d4c3f7ee9fb8986b3ba17ff170e61c30151e40b11ff5a1e5394ab3d7ea8ee2465c1bc4c425925d29fb356231b6fa3a5d4ba86fb6f663a22502d91cf89f74edfedb871831a0
Nonce: 62a6372972dd5e88629e1968
Ciphertext: b8da870caa54c4b81f77ec5e29760378c6220fa1995d89f88121d8e5ffc1d559b1e76b2c3be03e0981df6791d4c3f7ee9fb8986b3ba17ff170e61c30151e40b11ff5a1e5394ab3d7ea8ee2465c1bc4c425925d29fb356231b6fa3a5d4ba86fb6f663a22502d91cf89f74edfedb871831a0
[listener] decrypted with 1746860675.bin
🚨 Decrypted alert:
   Timestamp : 2000-01-01 00:00:14-05:00
   Error     : 19827.39
   Key File  : 1746860675.bin
[listener] raw line: enc_alert=a6c419a207481661015904a7ab0daa6a866cf51854687db65b70b9f82dd2feaad2ca3dc36841589eaa7f4833914e390d0d36e587da05eade99c239eac2490851abfc70287bad2593b4e5743895c9eee82e09b5194ddcd7e7dd5e7840b1a9dd7354dea1d160f845d2a73c2f684a55200cb25549926f114d7b997cf4b96ab1
Raw packet: a6c419a207481661015904a7ab0daa6a866cf51854687db65b70b9f82dd2feaad2ca3dc36841589eaa7f4833914e390d0d36e587da05eade99c239eac2490851abfc70287bad2593b4e5743895c9eee82e09b5194ddcd7e7dd5e7840b1a9dd7354dea1d160f845d2a73c2f684a55200cb25549926f114d7b997cf4b96ab1
Nonce: a6c419a207481661015904a7
Ciphertext: ab0daa6a866cf51854687db65b70b9f82dd2feaad2ca3dc36841589eaa7f4833914e390d0d36e587da05eade99c239eac2490851abfc70287bad2593b4e5743895c9eee82e09b5194ddcd7e7dd5e7840b1a9dd7354dea1d160f845d2a73c2f684a55200cb25549926f114d7b997cf4b96ab1
[listener] decrypted with 1746860675.bin
🚨 Decrypted alert:
   Timestamp : 2000-01-01 00:00:15-05:00
   Error     : 19833.46
   Key File  : 1746860675.bin
